<?xml version="1.0" encoding="UTF-8"?>
<testng-results ignored="0" total="22" passed="22" failed="0" skipped="0">
  <reporter-output>
  </reporter-output>
  <suite started-at="2023-03-29T23:57:58 IST" name="petSuite" finished-at="2023-03-29T23:59:55 IST" duration-ms="117463">
    <groups>
    </groups>
    <test started-at="2023-03-29T23:57:58 IST" name="C:/Users/ASUS1/IdeaProjects/APIPetstore" finished-at="2023-03-29T23:59:55 IST" duration-ms="117463">
      <class name="test.UserTests">
        <test-method is-config="true" signature="setupData()[pri:0, instance:test.UserTests@647e447]" started-at="2023-03-29T23:59:45 IST" name="setupData" finished-at="2023-03-29T23:59:45 IST" duration-ms="117" status="PASS">
          <reporter-output>
          </reporter-output>
        </test-method> <!-- setupData -->
        <test-method signature="testPostUser()[pri:1, instance:test.UserTests@647e447]" started-at="2023-03-29T23:59:45 IST" name="testPostUser" finished-at="2023-03-29T23:59:47 IST" duration-ms="1921" status="PASS">
          <reporter-output>
          </reporter-output>
        </test-method> <!-- testPostUser -->
        <test-method signature="testGetUserbyName()[pri:2, instance:test.UserTests@647e447]" started-at="2023-03-29T23:59:47 IST" name="testGetUserbyName" finished-at="2023-03-29T23:59:49 IST" duration-ms="1763" status="PASS">
          <reporter-output>
          </reporter-output>
        </test-method> <!-- testGetUserbyName -->
        <test-method signature="updateUserByName()[pri:3, instance:test.UserTests@647e447]" started-at="2023-03-29T23:59:49 IST" name="updateUserByName" finished-at="2023-03-29T23:59:53 IST" duration-ms="4183" status="PASS">
          <reporter-output>
          </reporter-output>
        </test-method> <!-- updateUserByName -->
        <test-method signature="deleteUser()[pri:4, instance:test.UserTests@647e447]" started-at="2023-03-29T23:59:53 IST" name="deleteUser" finished-at="2023-03-29T23:59:55 IST" duration-ms="2173" status="PASS">
          <reporter-output>
          </reporter-output>
        </test-method> <!-- deleteUser -->
      </class> <!-- test.UserTests -->
      <class name="test.DDTests">
        <test-method signature="testPostuser(java.lang.String,java.lang.String,java.lang.String,java.lang.String,java.lang.String,java.lang.String,java.lang.String)[pri:1, instance:test.DDTests@4b0b0854]" started-at="2023-03-29T23:57:59 IST" name="testPostuser" data-provider="Data" finished-at="2023-03-29T23:58:05 IST" duration-ms="5870" status="PASS">
          <params>
            <param index="0">
              <value>
                <![CDATA[1001]]>
              </value>
            </param>
            <param index="1">
              <value>
                <![CDATA[testuser1]]>
              </value>
            </param>
            <param index="2">
              <value>
                <![CDATA[John]]>
              </value>
            </param>
            <param index="3">
              <value>
                <![CDATA[doe]]>
              </value>
            </param>
            <param index="4">
              <value>
                <![CDATA[doe@gmail.com]]>
              </value>
            </param>
            <param index="5">
              <value>
                <![CDATA[password]]>
              </value>
            </param>
            <param index="6">
              <value>
                <![CDATA[34324324]]>
              </value>
            </param>
          </params>
          <reporter-output>
          </reporter-output>
        </test-method> <!-- testPostuser -->
        <test-method signature="testPostuser(java.lang.String,java.lang.String,java.lang.String,java.lang.String,java.lang.String,java.lang.String,java.lang.String)[pri:1, instance:test.DDTests@4b0b0854]" started-at="2023-03-29T23:58:05 IST" name="testPostuser" data-provider="Data" finished-at="2023-03-29T23:58:07 IST" duration-ms="1792" status="PASS">
          <params>
            <param index="0">
              <value>
                <![CDATA[1002]]>
              </value>
            </param>
            <param index="1">
              <value>
                <![CDATA[testuser2]]>
              </value>
            </param>
            <param index="2">
              <value>
                <![CDATA[Kennedy]]>
              </value>
            </param>
            <param index="3">
              <value>
                <![CDATA[pop]]>
              </value>
            </param>
            <param index="4">
              <value>
                <![CDATA[pop@gmail.com]]>
              </value>
            </param>
            <param index="5">
              <value>
                <![CDATA[password]]>
              </value>
            </param>
            <param index="6">
              <value>
                <![CDATA[34324325]]>
              </value>
            </param>
          </params>
          <reporter-output>
          </reporter-output>
        </test-method> <!-- testPostuser -->
        <test-method signature="testPostuser(java.lang.String,java.lang.String,java.lang.String,java.lang.String,java.lang.String,java.lang.String,java.lang.String)[pri:1, instance:test.DDTests@4b0b0854]" started-at="2023-03-29T23:58:07 IST" name="testPostuser" data-provider="Data" finished-at="2023-03-29T23:58:09 IST" duration-ms="1636" status="PASS">
          <params>
            <param index="0">
              <value>
                <![CDATA[1003]]>
              </value>
            </param>
            <param index="1">
              <value>
                <![CDATA[testuser3]]>
              </value>
            </param>
            <param index="2">
              <value>
                <![CDATA[Bill]]>
              </value>
            </param>
            <param index="3">
              <value>
                <![CDATA[pin]]>
              </value>
            </param>
            <param index="4">
              <value>
                <![CDATA[ynp@gmail.com]]>
              </value>
            </param>
            <param index="5">
              <value>
                <![CDATA[password]]>
              </value>
            </param>
            <param index="6">
              <value>
                <![CDATA[34324326]]>
              </value>
            </param>
          </params>
          <reporter-output>
          </reporter-output>
        </test-method> <!-- testPostuser -->
        <test-method signature="testPostuser(java.lang.String,java.lang.String,java.lang.String,java.lang.String,java.lang.String,java.lang.String,java.lang.String)[pri:1, instance:test.DDTests@4b0b0854]" started-at="2023-03-29T23:58:09 IST" name="testPostuser" data-provider="Data" finished-at="2023-03-29T23:58:17 IST" duration-ms="8245" status="PASS">
          <params>
            <param index="0">
              <value>
                <![CDATA[1004]]>
              </value>
            </param>
            <param index="1">
              <value>
                <![CDATA[testuser4]]>
              </value>
            </param>
            <param index="2">
              <value>
                <![CDATA[Trump]]>
              </value>
            </param>
            <param index="3">
              <value>
                <![CDATA[donald]]>
              </value>
            </param>
            <param index="4">
              <value>
                <![CDATA[nlp@gmail.com]]>
              </value>
            </param>
            <param index="5">
              <value>
                <![CDATA[password]]>
              </value>
            </param>
            <param index="6">
              <value>
                <![CDATA[34324327]]>
              </value>
            </param>
          </params>
          <reporter-output>
          </reporter-output>
        </test-method> <!-- testPostuser -->
        <test-method signature="testPostuser(java.lang.String,java.lang.String,java.lang.String,java.lang.String,java.lang.String,java.lang.String,java.lang.String)[pri:1, instance:test.DDTests@4b0b0854]" started-at="2023-03-29T23:58:17 IST" name="testPostuser" data-provider="Data" finished-at="2023-03-29T23:59:02 IST" duration-ms="44741" status="PASS">
          <params>
            <param index="0">
              <value>
                <![CDATA[1005]]>
              </value>
            </param>
            <param index="1">
              <value>
                <![CDATA[testuser5]]>
              </value>
            </param>
            <param index="2">
              <value>
                <![CDATA[elon]]>
              </value>
            </param>
            <param index="3">
              <value>
                <![CDATA[musk]]>
              </value>
            </param>
            <param index="4">
              <value>
                <![CDATA[eegjl@gmail.com]]>
              </value>
            </param>
            <param index="5">
              <value>
                <![CDATA[password]]>
              </value>
            </param>
            <param index="6">
              <value>
                <![CDATA[34324328]]>
              </value>
            </param>
          </params>
          <reporter-output>
          </reporter-output>
        </test-method> <!-- testPostuser -->
        <test-method signature="testPostuser(java.lang.String,java.lang.String,java.lang.String,java.lang.String,java.lang.String,java.lang.String,java.lang.String)[pri:1, instance:test.DDTests@4b0b0854]" started-at="2023-03-29T23:59:02 IST" name="testPostuser" data-provider="Data" finished-at="2023-03-29T23:59:19 IST" duration-ms="17752" status="PASS">
          <params>
            <param index="0">
              <value>
                <![CDATA[1006]]>
              </value>
            </param>
            <param index="1">
              <value>
                <![CDATA[testuser6]]>
              </value>
            </param>
            <param index="2">
              <value>
                <![CDATA[Neon]]>
              </value>
            </param>
            <param index="3">
              <value>
                <![CDATA[pity]]>
              </value>
            </param>
            <param index="4">
              <value>
                <![CDATA[er@gt.com]]>
              </value>
            </param>
            <param index="5">
              <value>
                <![CDATA[password]]>
              </value>
            </param>
            <param index="6">
              <value>
                <![CDATA[34324329]]>
              </value>
            </param>
          </params>
          <reporter-output>
          </reporter-output>
        </test-method> <!-- testPostuser -->
        <test-method signature="testPostuser(java.lang.String,java.lang.String,java.lang.String,java.lang.String,java.lang.String,java.lang.String,java.lang.String)[pri:1, instance:test.DDTests@4b0b0854]" started-at="2023-03-29T23:59:19 IST" name="testPostuser" data-provider="Data" finished-at="2023-03-29T23:59:22 IST" duration-ms="2772" status="PASS">
          <params>
            <param index="0">
              <value>
                <![CDATA[1007]]>
              </value>
            </param>
            <param index="1">
              <value>
                <![CDATA[testuser7]]>
              </value>
            </param>
            <param index="2">
              <value>
                <![CDATA[apron]]>
              </value>
            </param>
            <param index="3">
              <value>
                <![CDATA[Nop]]>
              </value>
            </param>
            <param index="4">
              <value>
                <![CDATA[er@gt.in]]>
              </value>
            </param>
            <param index="5">
              <value>
                <![CDATA[password]]>
              </value>
            </param>
            <param index="6">
              <value>
                <![CDATA[76343243]]>
              </value>
            </param>
          </params>
          <reporter-output>
          </reporter-output>
        </test-method> <!-- testPostuser -->
        <test-method signature="testPostuser(java.lang.String,java.lang.String,java.lang.String,java.lang.String,java.lang.String,java.lang.String,java.lang.String)[pri:1, instance:test.DDTests@4b0b0854]" started-at="2023-03-29T23:59:22 IST" name="testPostuser" data-provider="Data" finished-at="2023-03-29T23:59:24 IST" duration-ms="1903" status="PASS">
          <params>
            <param index="0">
              <value>
                <![CDATA[1008]]>
              </value>
            </param>
            <param index="1">
              <value>
                <![CDATA[testuser8]]>
              </value>
            </param>
            <param index="2">
              <value>
                <![CDATA[apna]]>
              </value>
            </param>
            <param index="3">
              <value>
                <![CDATA[pity]]>
              </value>
            </param>
            <param index="4">
              <value>
                <![CDATA[er@gt.org]]>
              </value>
            </param>
            <param index="5">
              <value>
                <![CDATA[password]]>
              </value>
            </param>
            <param index="6">
              <value>
                <![CDATA[763432423]]>
              </value>
            </param>
          </params>
          <reporter-output>
          </reporter-output>
        </test-method> <!-- testPostuser -->
        <test-method signature="testPostuser(java.lang.String,java.lang.String,java.lang.String,java.lang.String,java.lang.String,java.lang.String,java.lang.String)[pri:1, instance:test.DDTests@4b0b0854]" started-at="2023-03-29T23:59:24 IST" name="testPostuser" data-provider="Data" finished-at="2023-03-29T23:59:26 IST" duration-ms="2221" status="PASS">
          <params>
            <param index="0">
              <value>
                <![CDATA[1009]]>
              </value>
            </param>
            <param index="1">
              <value>
                <![CDATA[testuser9]]>
              </value>
            </param>
            <param index="2">
              <value>
                <![CDATA[nime]]>
              </value>
            </param>
            <param index="3">
              <value>
                <![CDATA[tutu]]>
              </value>
            </param>
            <param index="4">
              <value>
                <![CDATA[er@gh.com]]>
              </value>
            </param>
            <param index="5">
              <value>
                <![CDATA[password]]>
              </value>
            </param>
            <param index="6">
              <value>
                <![CDATA[763432428]]>
              </value>
            </param>
          </params>
          <reporter-output>
          </reporter-output>
        </test-method> <!-- testPostuser -->
        <test-method signature="testDeleteUserByName(java.lang.String)[pri:2, instance:test.DDTests@4b0b0854]" started-at="2023-03-29T23:59:26 IST" name="testDeleteUserByName" data-provider="UserNames" finished-at="2023-03-29T23:59:28 IST" duration-ms="1778" status="PASS">
          <params>
            <param index="0">
              <value>
                <![CDATA[testuser1]]>
              </value>
            </param>
          </params>
          <reporter-output>
          </reporter-output>
        </test-method> <!-- testDeleteUserByName -->
        <test-method signature="testDeleteUserByName(java.lang.String)[pri:2, instance:test.DDTests@4b0b0854]" started-at="2023-03-29T23:59:28 IST" name="testDeleteUserByName" data-provider="UserNames" finished-at="2023-03-29T23:59:30 IST" duration-ms="1990" status="PASS">
          <params>
            <param index="0">
              <value>
                <![CDATA[testuser2]]>
              </value>
            </param>
          </params>
          <reporter-output>
          </reporter-output>
        </test-method> <!-- testDeleteUserByName -->
        <test-method signature="testDeleteUserByName(java.lang.String)[pri:2, instance:test.DDTests@4b0b0854]" started-at="2023-03-29T23:59:30 IST" name="testDeleteUserByName" data-provider="UserNames" finished-at="2023-03-29T23:59:32 IST" duration-ms="1653" status="PASS">
          <params>
            <param index="0">
              <value>
                <![CDATA[testuser3]]>
              </value>
            </param>
          </params>
          <reporter-output>
          </reporter-output>
        </test-method> <!-- testDeleteUserByName -->
        <test-method signature="testDeleteUserByName(java.lang.String)[pri:2, instance:test.DDTests@4b0b0854]" started-at="2023-03-29T23:59:32 IST" name="testDeleteUserByName" data-provider="UserNames" finished-at="2023-03-29T23:59:34 IST" duration-ms="1693" status="PASS">
          <params>
            <param index="0">
              <value>
                <![CDATA[testuser4]]>
              </value>
            </param>
          </params>
          <reporter-output>
          </reporter-output>
        </test-method> <!-- testDeleteUserByName -->
        <test-method signature="testDeleteUserByName(java.lang.String)[pri:2, instance:test.DDTests@4b0b0854]" started-at="2023-03-29T23:59:34 IST" name="testDeleteUserByName" data-provider="UserNames" finished-at="2023-03-29T23:59:38 IST" duration-ms="3952" status="PASS">
          <params>
            <param index="0">
              <value>
                <![CDATA[testuser5]]>
              </value>
            </param>
          </params>
          <reporter-output>
          </reporter-output>
        </test-method> <!-- testDeleteUserByName -->
        <test-method signature="testDeleteUserByName(java.lang.String)[pri:2, instance:test.DDTests@4b0b0854]" started-at="2023-03-29T23:59:38 IST" name="testDeleteUserByName" data-provider="UserNames" finished-at="2023-03-29T23:59:39 IST" duration-ms="1593" status="PASS">
          <params>
            <param index="0">
              <value>
                <![CDATA[testuser6]]>
              </value>
            </param>
          </params>
          <reporter-output>
          </reporter-output>
        </test-method> <!-- testDeleteUserByName -->
        <test-method signature="testDeleteUserByName(java.lang.String)[pri:2, instance:test.DDTests@4b0b0854]" started-at="2023-03-29T23:59:39 IST" name="testDeleteUserByName" data-provider="UserNames" finished-at="2023-03-29T23:59:41 IST" duration-ms="2068" status="PASS">
          <params>
            <param index="0">
              <value>
                <![CDATA[testuser7]]>
              </value>
            </param>
          </params>
          <reporter-output>
          </reporter-output>
        </test-method> <!-- testDeleteUserByName -->
        <test-method signature="testDeleteUserByName(java.lang.String)[pri:2, instance:test.DDTests@4b0b0854]" started-at="2023-03-29T23:59:41 IST" name="testDeleteUserByName" data-provider="UserNames" finished-at="2023-03-29T23:59:44 IST" duration-ms="2359" status="PASS">
          <params>
            <param index="0">
              <value>
                <![CDATA[testuser8]]>
              </value>
            </param>
          </params>
          <reporter-output>
          </reporter-output>
        </test-method> <!-- testDeleteUserByName -->
        <test-method signature="testDeleteUserByName(java.lang.String)[pri:2, instance:test.DDTests@4b0b0854]" started-at="2023-03-29T23:59:44 IST" name="testDeleteUserByName" data-provider="UserNames" finished-at="2023-03-29T23:59:45 IST" duration-ms="1676" status="PASS">
          <params>
            <param index="0">
              <value>
                <![CDATA[testuser9]]>
              </value>
            </param>
          </params>
          <reporter-output>
          </reporter-output>
        </test-method> <!-- testDeleteUserByName -->
      </class> <!-- test.DDTests -->
    </test> <!-- C:/Users/ASUS1/IdeaProjects/APIPetstore -->
  </suite> <!-- petSuite -->
</testng-results>
